{"/Users/colestyron/code/nimble/school_match/src/types/types.ts": {"path":"/Users/colestyron/code/nimble/school_match/src/types/types.ts","statementMap":{"0":{"start":{"line":2,"column":0},"end":{"line":2,"column":null}},"1":{"start":{"line":3,"column":2},"end":{"line":3,"column":null}},"2":{"start":{"line":4,"column":2},"end":{"line":4,"column":null}},"3":{"start":{"line":5,"column":2},"end":{"line":5,"column":null}},"4":{"start":{"line":6,"column":2},"end":{"line":6,"column":null}},"5":{"start":{"line":7,"column":2},"end":{"line":7,"column":null}},"6":{"start":{"line":10,"column":0},"end":{"line":10,"column":null}},"7":{"start":{"line":11,"column":2},"end":{"line":11,"column":null}},"8":{"start":{"line":12,"column":2},"end":{"line":12,"column":null}},"9":{"start":{"line":13,"column":2},"end":{"line":13,"column":null}},"10":{"start":{"line":14,"column":2},"end":{"line":14,"column":null}},"11":{"start":{"line":15,"column":2},"end":{"line":15,"column":null}},"12":{"start":{"line":16,"column":2},"end":{"line":16,"column":null}},"13":{"start":{"line":17,"column":2},"end":{"line":17,"column":null}},"14":{"start":{"line":20,"column":0},"end":{"line":20,"column":null}},"15":{"start":{"line":21,"column":2},"end":{"line":21,"column":null}},"16":{"start":{"line":22,"column":2},"end":{"line":22,"column":null}},"17":{"start":{"line":23,"column":2},"end":{"line":23,"column":null}}},"fnMap":{"0":{"name":"(anonymous_0)","decl":{"start":{"line":2,"column":0},"end":{"line":2,"column":12}},"loc":{"start":{"line":2,"column":19},"end":{"line":8,"column":1}}},"1":{"name":"(anonymous_1)","decl":{"start":{"line":10,"column":0},"end":{"line":10,"column":12}},"loc":{"start":{"line":10,"column":17},"end":{"line":18,"column":1}}},"2":{"name":"(anonymous_2)","decl":{"start":{"line":20,"column":0},"end":{"line":20,"column":12}},"loc":{"start":{"line":20,"column":22},"end":{"line":24,"column":1}}}},"branchMap":{"0":{"loc":{"start":{"line":2,"column":12},"end":{"line":2,"column":null}},"type":"binary-expr","locations":[{"start":{"line":2,"column":12},"end":{"line":2,"column":19}},{"start":{"line":2,"column":19},"end":{"line":2,"column":null}}]},"1":{"loc":{"start":{"line":10,"column":12},"end":{"line":10,"column":null}},"type":"binary-expr","locations":[{"start":{"line":10,"column":12},"end":{"line":10,"column":17}},{"start":{"line":10,"column":17},"end":{"line":10,"column":null}}]},"2":{"loc":{"start":{"line":20,"column":12},"end":{"line":20,"column":null}},"type":"binary-expr","locations":[{"start":{"line":20,"column":12},"end":{"line":20,"column":22}},{"start":{"line":20,"column":22},"end":{"line":20,"column":null}}]}},"s":{"0":7,"1":7,"2":7,"3":7,"4":7,"5":7,"6":7,"7":7,"8":7,"9":7,"10":7,"11":7,"12":7,"13":7,"14":7,"15":7,"16":7,"17":7},"f":{"0":7,"1":7,"2":7},"b":{"0":[7,7],"1":[7,7],"2":[7,7]}}
,"/Users/colestyron/code/nimble/school_match/src/utils/convertToExportFormat.ts": {"path":"/Users/colestyron/code/nimble/school_match/src/utils/convertToExportFormat.ts","statementMap":{"0":{"start":{"line":6,"column":38},"end":{"line":6,"column":40}},"1":{"start":{"line":7,"column":2},"end":{"line":12,"column":3}},"2":{"start":{"line":8,"column":4},"end":{"line":11,"column":7}},"3":{"start":{"line":13,"column":2},"end":{"line":13,"column":16}},"4":{"start":{"line":3,"column":0},"end":{"line":3,"column":16}}},"fnMap":{"0":{"name":"convertToExportFormat","decl":{"start":{"line":3,"column":16},"end":{"line":3,"column":37}},"loc":{"start":{"line":4,"column":24},"end":{"line":14,"column":1}}}},"branchMap":{},"s":{"0":1,"1":1,"2":1,"3":1,"4":5},"f":{"0":1},"b":{}}
,"/Users/colestyron/code/nimble/school_match/src/utils/generatePrincipalsMap.ts": {"path":"/Users/colestyron/code/nimble/school_match/src/utils/generatePrincipalsMap.ts","statementMap":{"0":{"start":{"line":9,"column":32},"end":{"line":9,"column":41}},"1":{"start":{"line":11,"column":2},"end":{"line":24,"column":3}},"2":{"start":{"line":12,"column":29},"end":{"line":12,"column":38}},"3":{"start":{"line":13,"column":4},"end":{"line":23,"column":5}},"4":{"start":{"line":14,"column":33},"end":{"line":14,"column":37}},"5":{"start":{"line":15,"column":31},"end":{"line":19,"column":8}},"6":{"start":{"line":20,"column":6},"end":{"line":22,"column":51}},"7":{"start":{"line":25,"column":2},"end":{"line":25,"column":16}},"8":{"start":{"line":8,"column":0},"end":{"line":8,"column":16}}},"fnMap":{"0":{"name":"generatePrincipalsMap","decl":{"start":{"line":8,"column":16},"end":{"line":8,"column":37}},"loc":{"start":{"line":8,"column":61},"end":{"line":26,"column":1}}}},"branchMap":{"0":{"loc":{"start":{"line":20,"column":6},"end":{"line":22,"column":50}},"type":"cond-expr","locations":[{"start":{"line":21,"column":10},"end":{"line":21,"column":54}},{"start":{"line":22,"column":10},"end":{"line":22,"column":50}}]},"1":{"loc":{"start":{"line":21,"column":10},"end":{"line":21,"column":54}},"type":"cond-expr","locations":[{"start":{"line":21,"column":30},"end":{"line":21,"column":32}},{"start":{"line":21,"column":30},"end":{"line":21,"column":54}}]},"2":{"loc":{"start":{"line":21,"column":10},"end":{"line":21,"column":32}},"type":"binary-expr","locations":[{"start":{"line":21,"column":10},"end":{"line":21,"column":32}},{"start":{"line":21,"column":30},"end":{"line":21,"column":32}}]}},"s":{"0":2,"1":2,"2":3,"3":3,"4":3,"5":3,"6":3,"7":2,"8":5},"f":{"0":2},"b":{"0":[1,2],"1":[0,1],"2":[1,1]}}
,"/Users/colestyron/code/nimble/school_match/src/utils/index.ts": {"path":"/Users/colestyron/code/nimble/school_match/src/utils/index.ts","statementMap":{"0":{"start":{"line":1,"column":0},"end":{"line":1,"column":9}},"1":{"start":{"line":1,"column":9},"end":{"line":1,"column":58}},"2":{"start":{"line":2,"column":0},"end":{"line":2,"column":9}},"3":{"start":{"line":2,"column":9},"end":{"line":2,"column":48}},"4":{"start":{"line":3,"column":0},"end":{"line":3,"column":9}},"5":{"start":{"line":3,"column":9},"end":{"line":3,"column":64}},"6":{"start":{"line":4,"column":0},"end":{"line":4,"column":9}},"7":{"start":{"line":4,"column":9},"end":{"line":4,"column":64}},"8":{"start":{"line":5,"column":0},"end":{"line":5,"column":9}},"9":{"start":{"line":5,"column":9},"end":{"line":5,"column":44}}},"fnMap":{"0":{"name":"(anonymous_0)","decl":{"start":{"line":1,"column":9},"end":{"line":1,"column":27}},"loc":{"start":{"line":1,"column":9},"end":{"line":1,"column":58}}},"1":{"name":"(anonymous_1)","decl":{"start":{"line":2,"column":9},"end":{"line":2,"column":22}},"loc":{"start":{"line":2,"column":9},"end":{"line":2,"column":48}}},"2":{"name":"(anonymous_2)","decl":{"start":{"line":3,"column":9},"end":{"line":3,"column":30}},"loc":{"start":{"line":3,"column":9},"end":{"line":3,"column":64}}},"3":{"name":"(anonymous_3)","decl":{"start":{"line":4,"column":9},"end":{"line":4,"column":30}},"loc":{"start":{"line":4,"column":9},"end":{"line":4,"column":64}}},"4":{"name":"(anonymous_4)","decl":{"start":{"line":5,"column":9},"end":{"line":5,"column":20}},"loc":{"start":{"line":5,"column":9},"end":{"line":5,"column":44}}}},"branchMap":{},"s":{"0":5,"1":8,"2":5,"3":6,"4":5,"5":6,"6":5,"7":7,"8":5,"9":11},"f":{"0":3,"1":1,"2":1,"3":2,"4":6},"b":{}}
,"/Users/colestyron/code/nimble/school_match/src/utils/matchTeacherToRole.ts": {"path":"/Users/colestyron/code/nimble/school_match/src/utils/matchTeacherToRole.ts","statementMap":{"0":{"start":{"line":21,"column":17},"end":{"line":21,"column":24}},"1":{"start":{"line":24,"column":21},"end":{"line":24,"column":57}},"2":{"start":{"line":27,"column":2},"end":{"line":29,"column":3}},"3":{"start":{"line":28,"column":4},"end":{"line":28,"column":17}},"4":{"start":{"line":32,"column":2},"end":{"line":34,"column":3}},"5":{"start":{"line":33,"column":4},"end":{"line":33,"column":17}},"6":{"start":{"line":37,"column":2},"end":{"line":42,"column":3}},"7":{"start":{"line":41,"column":4},"end":{"line":41,"column":16}},"8":{"start":{"line":44,"column":2},"end":{"line":44,"column":15}},"9":{"start":{"line":15,"column":0},"end":{"line":15,"column":16}}},"fnMap":{"0":{"name":"matchTeacherToRole","decl":{"start":{"line":15,"column":16},"end":{"line":15,"column":34}},"loc":{"start":{"line":20,"column":21},"end":{"line":45,"column":1}}}},"branchMap":{"0":{"loc":{"start":{"line":24,"column":21},"end":{"line":24,"column":57}},"type":"binary-expr","locations":[{"start":{"line":24,"column":21},"end":{"line":24,"column":52}},{"start":{"line":24,"column":56},"end":{"line":24,"column":57}}]},"1":{"loc":{"start":{"line":27,"column":2},"end":{"line":29,"column":3}},"type":"if","locations":[{"start":{"line":27,"column":2},"end":{"line":29,"column":3}}]},"2":{"loc":{"start":{"line":27,"column":7},"end":{"line":27,"column":37}},"type":"binary-expr","locations":[{"start":{"line":27,"column":7},"end":{"line":27,"column":32}},{"start":{"line":27,"column":36},"end":{"line":27,"column":37}}]},"3":{"loc":{"start":{"line":32,"column":2},"end":{"line":34,"column":3}},"type":"if","locations":[{"start":{"line":32,"column":2},"end":{"line":34,"column":3}}]},"4":{"loc":{"start":{"line":32,"column":6},"end":{"line":32,"column":52}},"type":"cond-expr","locations":[{"start":{"line":32,"column":43},"end":{"line":32,"column":45}},{"start":{"line":32,"column":43},"end":{"line":32,"column":52}}]},"5":{"loc":{"start":{"line":32,"column":6},"end":{"line":32,"column":45}},"type":"binary-expr","locations":[{"start":{"line":32,"column":6},"end":{"line":32,"column":45}},{"start":{"line":32,"column":43},"end":{"line":32,"column":45}}]},"6":{"loc":{"start":{"line":37,"column":2},"end":{"line":42,"column":3}},"type":"if","locations":[{"start":{"line":37,"column":2},"end":{"line":42,"column":3}}]},"7":{"loc":{"start":{"line":38,"column":4},"end":{"line":39,"column":39}},"type":"binary-expr","locations":[{"start":{"line":38,"column":4},"end":{"line":38,"column":43}},{"start":{"line":39,"column":4},"end":{"line":39,"column":39}}]}},"s":{"0":11,"1":11,"2":11,"3":1,"4":10,"5":1,"6":9,"7":8,"8":1,"9":5},"f":{"0":11},"b":{"0":[11,8],"1":[1],"2":[11,8],"3":[1],"4":[6,4],"5":[10,10],"6":[8],"7":[9,8]}}
,"/Users/colestyron/code/nimble/school_match/src/utils/normalizeData.ts": {"path":"/Users/colestyron/code/nimble/school_match/src/utils/normalizeData.ts","statementMap":{"0":{"start":{"line":12,"column":2},"end":{"line":12,"column":32}},"1":{"start":{"line":4,"column":0},"end":{"line":4,"column":16}}},"fnMap":{"0":{"name":"normalizeData","decl":{"start":{"line":4,"column":16},"end":{"line":4,"column":29}},"loc":{"start":{"line":4,"column":39},"end":{"line":13,"column":1}}}},"branchMap":{},"s":{"0":1,"1":5},"f":{"0":1},"b":{}}
,"/Users/colestyron/code/nimble/school_match/src/utils/processData.ts": {"path":"/Users/colestyron/code/nimble/school_match/src/utils/processData.ts","statementMap":{"0":{"start":{"line":8,"column":0},"end":{"line":8,"column":48}},"1":{"start":{"line":9,"column":0},"end":{"line":9,"column":58}},"2":{"start":{"line":23,"column":43},"end":{"line":23,"column":52}},"3":{"start":{"line":26,"column":47},"end":{"line":26,"column":56}},"4":{"start":{"line":29,"column":2},"end":{"line":62,"column":3}},"5":{"start":{"line":30,"column":19},"end":{"line":30,"column":26}},"6":{"start":{"line":33,"column":4},"end":{"line":35,"column":5}},"7":{"start":{"line":34,"column":6},"end":{"line":34,"column":15}},"8":{"start":{"line":38,"column":26},"end":{"line":38,"column":62}},"9":{"start":{"line":39,"column":4},"end":{"line":41,"column":5}},"10":{"start":{"line":40,"column":6},"end":{"line":40,"column":15}},"11":{"start":{"line":44,"column":4},"end":{"line":61,"column":5}},"12":{"start":{"line":45,"column":25},"end":{"line":50,"column":8}},"13":{"start":{"line":52,"column":6},"end":{"line":60,"column":7}},"14":{"start":{"line":54,"column":8},"end":{"line":56,"column":80}},"15":{"start":{"line":59,"column":8},"end":{"line":59,"column":72}},"16":{"start":{"line":63,"column":2},"end":{"line":63,"column":25}},"17":{"start":{"line":19,"column":0},"end":{"line":19,"column":16}}},"fnMap":{"0":{"name":"processData","decl":{"start":{"line":19,"column":16},"end":{"line":19,"column":27}},"loc":{"start":{"line":22,"column":8},"end":{"line":64,"column":1}}}},"branchMap":{"0":{"loc":{"start":{"line":33,"column":4},"end":{"line":35,"column":5}},"type":"if","locations":[{"start":{"line":33,"column":4},"end":{"line":35,"column":5}}]},"1":{"loc":{"start":{"line":39,"column":4},"end":{"line":41,"column":5}},"type":"if","locations":[{"start":{"line":39,"column":4},"end":{"line":41,"column":5}}]},"2":{"loc":{"start":{"line":39,"column":8},"end":{"line":39,"column":47}},"type":"binary-expr","locations":[{"start":{"line":39,"column":8},"end":{"line":39,"column":22}},{"start":{"line":39,"column":26},"end":{"line":39,"column":47}}]},"3":{"loc":{"start":{"line":52,"column":6},"end":{"line":60,"column":7}},"type":"if","locations":[{"start":{"line":52,"column":6},"end":{"line":60,"column":7}}]},"4":{"loc":{"start":{"line":54,"column":8},"end":{"line":56,"column":79}},"type":"cond-expr","locations":[{"start":{"line":55,"column":12},"end":{"line":55,"column":58}},{"start":{"line":56,"column":12},"end":{"line":56,"column":79}}]},"5":{"loc":{"start":{"line":55,"column":12},"end":{"line":55,"column":58}},"type":"cond-expr","locations":[{"start":{"line":55,"column":49},"end":{"line":55,"column":51}},{"start":{"line":55,"column":49},"end":{"line":55,"column":58}}]},"6":{"loc":{"start":{"line":55,"column":12},"end":{"line":55,"column":51}},"type":"binary-expr","locations":[{"start":{"line":55,"column":12},"end":{"line":55,"column":51}},{"start":{"line":55,"column":49},"end":{"line":55,"column":51}}]},"7":{"loc":{"start":{"line":59,"column":35},"end":{"line":59,"column":65}},"type":"binary-expr","locations":[{"start":{"line":59,"column":35},"end":{"line":59,"column":60}},{"start":{"line":59,"column":64},"end":{"line":59,"column":65}}]}},"s":{"0":5,"1":5,"2":6,"3":6,"4":6,"5":10,"6":10,"7":1,"8":9,"9":9,"10":1,"11":8,"12":8,"13":8,"14":7,"15":7,"16":6,"17":5},"f":{"0":6},"b":{"0":[1],"1":[1],"2":[9,8],"3":[7],"4":[1,6],"5":[0,1],"6":[1,1],"7":[7,7]}}
,"/Users/colestyron/code/nimble/school_match/src/validators/index.ts": {"path":"/Users/colestyron/code/nimble/school_match/src/validators/index.ts","statementMap":{"0":{"start":{"line":1,"column":0},"end":{"line":1,"column":9}},"1":{"start":{"line":1,"column":9},"end":{"line":1,"column":48}},"2":{"start":{"line":2,"column":0},"end":{"line":2,"column":9}},"3":{"start":{"line":2,"column":9},"end":{"line":2,"column":52}}},"fnMap":{"0":{"name":"(anonymous_0)","decl":{"start":{"line":1,"column":9},"end":{"line":1,"column":22}},"loc":{"start":{"line":1,"column":9},"end":{"line":1,"column":48}}},"1":{"name":"(anonymous_1)","decl":{"start":{"line":2,"column":9},"end":{"line":2,"column":24}},"loc":{"start":{"line":2,"column":9},"end":{"line":2,"column":52}}}},"branchMap":{},"s":{"0":7,"1":12,"2":7,"3":19},"f":{"0":5,"1":12},"b":{}}
,"/Users/colestyron/code/nimble/school_match/src/validators/validateInput.ts": {"path":"/Users/colestyron/code/nimble/school_match/src/validators/validateInput.ts","statementMap":{"0":{"start":{"line":3,"column":2},"end":{"line":5,"column":3}},"1":{"start":{"line":4,"column":4},"end":{"line":4,"column":57}},"2":{"start":{"line":7,"column":2},"end":{"line":9,"column":3}},"3":{"start":{"line":8,"column":4},"end":{"line":8,"column":59}},"4":{"start":{"line":11,"column":2},"end":{"line":13,"column":3}},"5":{"start":{"line":12,"column":4},"end":{"line":12,"column":65}},"6":{"start":{"line":15,"column":2},"end":{"line":17,"column":3}},"7":{"start":{"line":16,"column":4},"end":{"line":16,"column":67}},"8":{"start":{"line":2,"column":0},"end":{"line":2,"column":16}}},"fnMap":{"0":{"name":"validateInput","decl":{"start":{"line":2,"column":16},"end":{"line":2,"column":29}},"loc":{"start":{"line":2,"column":39},"end":{"line":18,"column":1}}}},"branchMap":{"0":{"loc":{"start":{"line":3,"column":2},"end":{"line":5,"column":3}},"type":"if","locations":[{"start":{"line":3,"column":2},"end":{"line":5,"column":3}}]},"1":{"loc":{"start":{"line":7,"column":2},"end":{"line":9,"column":3}},"type":"if","locations":[{"start":{"line":7,"column":2},"end":{"line":9,"column":3}}]},"2":{"loc":{"start":{"line":11,"column":2},"end":{"line":13,"column":3}},"type":"if","locations":[{"start":{"line":11,"column":2},"end":{"line":13,"column":3}}]},"3":{"loc":{"start":{"line":15,"column":2},"end":{"line":17,"column":3}},"type":"if","locations":[{"start":{"line":15,"column":2},"end":{"line":17,"column":3}}]}},"s":{"0":5,"1":1,"2":4,"3":1,"4":3,"5":1,"6":2,"7":1,"8":7},"f":{"0":5},"b":{"0":[1],"1":[1],"2":[1],"3":[1]}}
,"/Users/colestyron/code/nimble/school_match/src/validators/validateTeacher.ts": {"path":"/Users/colestyron/code/nimble/school_match/src/validators/validateTeacher.ts","statementMap":{"0":{"start":{"line":1,"column":0},"end":{"line":1,"column":53}},"1":{"start":{"line":4,"column":2},"end":{"line":6,"column":3}},"2":{"start":{"line":5,"column":4},"end":{"line":5,"column":17}},"3":{"start":{"line":10,"column":2},"end":{"line":10,"column":14}},"4":{"start":{"line":3,"column":0},"end":{"line":3,"column":16}}},"fnMap":{"0":{"name":"validateTeacher","decl":{"start":{"line":3,"column":16},"end":{"line":3,"column":31}},"loc":{"start":{"line":3,"column":48},"end":{"line":11,"column":1}}}},"branchMap":{"0":{"loc":{"start":{"line":4,"column":2},"end":{"line":6,"column":3}},"type":"if","locations":[{"start":{"line":4,"column":2},"end":{"line":6,"column":3}}]}},"s":{"0":7,"1":12,"2":2,"3":10,"4":7},"f":{"0":12},"b":{"0":[2]}}
,"/Users/colestyron/code/nimble/school_match/test/data/testData.ts": {"path":"/Users/colestyron/code/nimble/school_match/test/data/testData.ts","statementMap":{"0":{"start":{"line":1,"column":0},"end":{"line":1,"column":null}},"1":{"start":{"line":12,"column":13},"end":{"line":24,"column":2}},"2":{"start":{"line":26,"column":13},"end":{"line":33,"column":2}},"3":{"start":{"line":35,"column":13},"end":{"line":35,"column":47}},"4":{"start":{"line":37,"column":13},"end":{"line":41,"column":2}},"5":{"start":{"line":43,"column":13},"end":{"line":43,"column":45}},"6":{"start":{"line":44,"column":0},"end":{"line":44,"column":32}},"7":{"start":{"line":46,"column":13},"end":{"line":46,"column":49}},"8":{"start":{"line":48,"column":13},"end":{"line":48,"column":59}}},"fnMap":{},"branchMap":{},"s":{"0":4,"1":4,"2":4,"3":4,"4":4,"5":4,"6":4,"7":4,"8":4},"f":{},"b":{}}
,"/Users/colestyron/code/nimble/school_match/test/data/testSample.ts": {"path":"/Users/colestyron/code/nimble/school_match/test/data/testSample.ts","statementMap":{"0":{"start":{"line":1,"column":13},"end":{"line":60,"column":2}}},"fnMap":{},"branchMap":{},"s":{"0":3},"f":{},"b":{}}
}
