TN:
SF:src/types/types.ts
FN:2,(anonymous_0)
FN:10,(anonymous_1)
FN:20,(anonymous_2)
FNF:3
FNH:3
FNDA:7,(anonymous_0)
FNDA:7,(anonymous_1)
FNDA:7,(anonymous_2)
DA:2,7
DA:3,7
DA:4,7
DA:5,7
DA:6,7
DA:7,7
DA:10,7
DA:11,7
DA:12,7
DA:13,7
DA:14,7
DA:15,7
DA:16,7
DA:17,7
DA:20,7
DA:21,7
DA:22,7
DA:23,7
LF:18
LH:18
BRDA:2,0,0,7
BRDA:2,0,1,7
BRDA:10,1,0,7
BRDA:10,1,1,7
BRDA:20,2,0,7
BRDA:20,2,1,7
BRF:6
BRH:6
end_of_record
TN:
SF:src/utils/convertToExportFormat.ts
FN:3,convertToExportFormat
FNF:1
FNH:1
FNDA:1,convertToExportFormat
DA:3,5
DA:6,1
DA:7,1
DA:8,1
DA:13,1
LF:5
LH:5
BRF:0
BRH:0
end_of_record
TN:
SF:src/utils/generatePrincipalsMap.ts
FN:8,generatePrincipalsMap
FNF:1
FNH:1
FNDA:2,generatePrincipalsMap
DA:8,5
DA:9,2
DA:11,2
DA:12,3
DA:13,3
DA:14,3
DA:15,3
DA:20,3
DA:25,2
LF:9
LH:9
BRDA:20,0,0,1
BRDA:20,0,1,2
BRDA:21,1,0,0
BRDA:21,1,1,1
BRDA:21,2,0,1
BRDA:21,2,1,1
BRF:6
BRH:5
end_of_record
TN:
SF:src/utils/index.ts
FN:1,(anonymous_0)
FN:2,(anonymous_1)
FN:3,(anonymous_2)
FN:4,(anonymous_3)
FN:5,(anonymous_4)
FNF:5
FNH:5
FNDA:3,(anonymous_0)
FNDA:1,(anonymous_1)
FNDA:1,(anonymous_2)
FNDA:2,(anonymous_3)
FNDA:6,(anonymous_4)
DA:1,8
DA:2,6
DA:3,6
DA:4,7
DA:5,11
LF:5
LH:5
BRF:0
BRH:0
end_of_record
TN:
SF:src/utils/matchTeacherToRole.ts
FN:15,matchTeacherToRole
FNF:1
FNH:1
FNDA:11,matchTeacherToRole
DA:15,5
DA:21,11
DA:24,11
DA:27,11
DA:28,1
DA:32,10
DA:33,1
DA:37,9
DA:41,8
DA:44,1
LF:10
LH:10
BRDA:24,0,0,11
BRDA:24,0,1,8
BRDA:27,1,0,1
BRDA:27,2,0,11
BRDA:27,2,1,8
BRDA:32,3,0,1
BRDA:32,4,0,6
BRDA:32,4,1,4
BRDA:32,5,0,10
BRDA:32,5,1,10
BRDA:37,6,0,8
BRDA:38,7,0,9
BRDA:38,7,1,8
BRF:13
BRH:13
end_of_record
TN:
SF:src/utils/normalizeData.ts
FN:4,normalizeData
FNF:1
FNH:1
FNDA:1,normalizeData
DA:4,5
DA:12,1
LF:2
LH:2
BRF:0
BRH:0
end_of_record
TN:
SF:src/utils/processData.ts
FN:19,processData
FNF:1
FNH:1
FNDA:6,processData
DA:8,5
DA:9,5
DA:19,5
DA:23,6
DA:26,6
DA:29,6
DA:30,10
DA:33,10
DA:34,1
DA:38,9
DA:39,9
DA:40,1
DA:44,8
DA:45,8
DA:52,8
DA:54,7
DA:59,7
DA:63,6
LF:18
LH:18
BRDA:33,0,0,1
BRDA:39,1,0,1
BRDA:39,2,0,9
BRDA:39,2,1,8
BRDA:52,3,0,7
BRDA:54,4,0,1
BRDA:54,4,1,6
BRDA:55,5,0,0
BRDA:55,5,1,1
BRDA:55,6,0,1
BRDA:55,6,1,1
BRDA:59,7,0,7
BRDA:59,7,1,7
BRF:13
BRH:12
end_of_record
TN:
SF:src/validators/index.ts
FN:1,(anonymous_0)
FN:2,(anonymous_1)
FNF:2
FNH:2
FNDA:5,(anonymous_0)
FNDA:12,(anonymous_1)
DA:1,12
DA:2,19
LF:2
LH:2
BRF:0
BRH:0
end_of_record
TN:
SF:src/validators/validateInput.ts
FN:2,validateInput
FNF:1
FNH:1
FNDA:5,validateInput
DA:2,7
DA:3,5
DA:4,1
DA:7,4
DA:8,1
DA:11,3
DA:12,1
DA:15,2
DA:16,1
LF:9
LH:9
BRDA:3,0,0,1
BRDA:7,1,0,1
BRDA:11,2,0,1
BRDA:15,3,0,1
BRF:4
BRH:4
end_of_record
TN:
SF:src/validators/validateTeacher.ts
FN:3,validateTeacher
FNF:1
FNH:1
FNDA:12,validateTeacher
DA:1,7
DA:3,7
DA:4,12
DA:5,2
DA:10,10
LF:5
LH:5
BRDA:4,0,0,2
BRF:1
BRH:1
end_of_record
TN:
SF:test/data/testData.ts
FNF:0
FNH:0
DA:1,4
DA:12,4
DA:26,4
DA:35,4
DA:37,4
DA:43,4
DA:44,4
DA:46,4
DA:48,4
LF:9
LH:9
BRF:0
BRH:0
end_of_record
TN:
SF:test/data/testSample.ts
FNF:0
FNH:0
DA:1,3
LF:1
LH:1
BRF:0
BRH:0
end_of_record
